GET 304 / - - 8.693 ms
GET 304 /stylesheets/style.css - - 2.029 ms
GET 304 / - - 1.242 ms
GET 304 /stylesheets/style.css - - 4.686 ms
GET 304 /stylesheets/style.css - - 0.363 ms
GET 302 /login 654 - 3.821 ms
GET 304 /stylesheets/style.css - - 0.942 ms
GET 200 /callback?code=AQArcXYTsiGB95N89r2SmiMl5o9LI3m1qoAgEivHhS9O0c9FZHAKCIa5EkojodjH5MJs5jczBcSvjwCcCaV4EvoG9aZoC5uqqv4B8hGJTgoLe-oqfS8YyFL5FH8ScR-ZU4Fal3DOZf2D0mxx0PFzZLAn_URN0orSnEYu5XrvXsV4Ifx-MRZz2oHhBLapC9VvfGa9gEn7QNkjmOLXZrCKSfvmPKVYHRFuvyPNd_md8BJYKquHe-34jR3VeEf8re71lCyqGwmvxTuOe2KtVsyHCbqdi99Ys5H38xKEu3o6qtQlcXVCt-VEUqgWLA7VzWbvudDncr2aXM_JUfI&state=cYh17gcJ0Nqro1VZ 270 - 3083.721 ms
GET 304 /stylesheets/style.css - - 1.646 ms
GET 404 /favicon.ico 150 - 2.236 ms
GET 304 / - - 8.464 ms
GET 304 /stylesheets/style.css - - 2.160 ms
GET 304 / - - 2.117 ms
GET 304 /stylesheets/style.css - - 0.639 ms
GET 304 /stylesheets/style.css - - 0.362 ms
GET 302 /login 654 - 4.402 ms
GET 304 /stylesheets/style.css - - 4.677 ms
GET 200 /callback?code=AQA58oujRiXHm5om8W54AS-bkMzeG_79AffpR6CEyuSEbsXBF8wFftANguOAihCYKDsXlmDTCvUdy80XDQXU3oTAsxEwXHa4Nzu6x8fNU_AIEgTPGxePCpJpmvZFpE66javnI829Hpr2YwLb3RZ2YVkdjUpdbJaGxUsPxP8eGCGmlmJfeu2I0phDtsJXXIFYF4lxP-ZUIDEDWrvDvMh-v8vUyOcg54ZhZ9WAK1agszxXOqaLgIhTSYzEJaFAVF6jeTguS-Pr4XaGgYGayV8VwrWRSrpgMyTTXlIlXkZZus5iDRuokt1j5S9te7C6IYlpLx7bIudFX8Oeajs&state=CHtEDMkriNMPUFYU 270 - 2028.153 ms
GET 304 /stylesheets/style.css - - 0.349 ms
GET 404 /favicon.ico 150 - 1.828 ms
GET 302 /login 654 - 1.376 ms
GET 304 /stylesheets/style.css - - 1.151 ms
GET 200 /callback?code=AQDrtuijaX4l6X4vd3n0reBroE5hFqOeNshrwhD_YU91n8Pty4k1gj4ps_UNKJ_iS6FjHP8XXGJc4M1zunW5eaxy7e_U3a1soIg-_EgUeI9olypMW1ChEJ9yAebPR1h3OtkrNdWksZLXm0MDXOcSuoeKp8ZLohd0ZfkFZlwvD3OeuB8cEEXjNe_bZ07Z0rjeNsFi6LWtYVDotIDGwP9c8A2aBXlJbWgluuGQNHrGoN0Et5gIWa9IzfHnIQYXxkX8RPb2ckcj54Jnrx2RtIuiAdofQ3Nsdb4FENbgwkk2t5lWXlqQoYWRkfxrRhzc4Iy4Y4r5_JZE-KQTWvk&state=axHsMePLRl1RROIR 270 - 2090.720 ms
GET 304 /stylesheets/style.css - - 1.157 ms
GET 404 /favicon.ico 150 - 1.683 ms
GET 304 / - - 0.972 ms
GET 304 /stylesheets/style.css - - 5.195 ms
GET 304 / - - 0.789 ms
GET 304 /stylesheets/style.css - - 0.421 ms
GET 304 /stylesheets/style.css - - 1.723 ms
GET 302 /login 654 - 0.611 ms
GET 304 /stylesheets/style.css - - 0.492 ms
GET 200 /callback?code=AQAPCJVIuxu0ZZP0eOFK9WN0QpCwfiUotqPd7OOD5uVjV44A8P9vHmkJ6uUtOWUkH1aJYcoYbJtKeUXALd000aayNHJ-GJyS3PGMXJQirgxnHEYYCps_SoYwoSA52oIl5bcbCr89RP9gIqqnADE1fWGGdkoSS2Z4heP25uCt06492Lf1LNcnbNzLb1Rc7i_ULb8RFbWvYrWW20BtsP7tvTJhNT2ZNg9fFHtAFrt7A5dKiarc3CTIla_qmO937Fu7crT2WxVlhBOipbaeCC-4pFdevoDqNiL3dagrcC9WI2rwNqtYeUDwtzO3tN5bmGoqTm4AYxKfmjNhat0&state=BYAwwharzFsSRwHf 270 - 2855.084 ms
GET 304 /stylesheets/style.css - - 7.254 ms
GET 404 /favicon.ico 150 - 0.675 ms
GET 304 / - - 2.243 ms
GET 304 /stylesheets/style.css - - 0.485 ms
GET 404 /favicon.ico 150 - 2.538 ms
GET 304 / - - 0.734 ms
GET 304 /stylesheets/style.css - - 0.383 ms
GET 304 /stylesheets/style.css - - 0.401 ms
GET 200 / 250 - 3.011 ms
GET 200 /stylesheets/style.css 111 - 3.267 ms
GET 404 /favicon.ico 150 - 1.532 ms
GET 302 /login 654 - 5.366 ms
GET 302 /login 654 - 22.057 ms
GET 302 /login 654 - 0.648 ms
GET 200 /callback?code=AQCbChkeMacl5CgMDUDi5UHdESC3RcBR2Uc8SPwSjnc9OHU9PRG6ttY3bFs8ukVFZRkwWurQIitBYf6WCQNnGcjx9QjbBQFXhY5EsLVbv0Tlewz94HVocWs54g0sldGZsHQv19Oo8ZG9HASC3D-j-Wf1oTFfBJaaiwr4ejaTbqlbSngxUsQVCoputjOrdSGMjE2UeWTJWW-aJfO3IKU5r4gOJXIzauRCOD9HnqAxYSw3Er13gks05lqJE78tPwywjgcXOU5Y_vXQBX0hjw7inE3zKhDxM6vkVaQIYejUnE2SQuf5TENr2XT52lmsrbXgDTGYmcnpzsL7H9g&state=WvGnMH8zOasqIe5c 270 - 2171.030 ms
GET 304 /stylesheets/style.css - - 1.189 ms
